running egg_info
writing ../../build/marker_pubsub/marker_pubsub.egg-info/PKG-INFO
writing dependency_links to ../../build/marker_pubsub/marker_pubsub.egg-info/dependency_links.txt
writing entry points to ../../build/marker_pubsub/marker_pubsub.egg-info/entry_points.txt
writing requirements to ../../build/marker_pubsub/marker_pubsub.egg-info/requires.txt
writing top-level names to ../../build/marker_pubsub/marker_pubsub.egg-info/top_level.txt
reading manifest file '../../build/marker_pubsub/marker_pubsub.egg-info/SOURCES.txt'
writing manifest file '../../build/marker_pubsub/marker_pubsub.egg-info/SOURCES.txt'
running build
running build_py
copying marker_pubsub/marker_publisher.py -> /home/ubuntu2204/ros2_marker_ws/build/marker_pubsub/build/lib/marker_pubsub
copying marker_pubsub/tf_broadcaster.py -> /home/ubuntu2204/ros2_marker_ws/build/marker_pubsub/build/lib/marker_pubsub
running install
running install_lib
copying /home/ubuntu2204/ros2_marker_ws/build/marker_pubsub/build/lib/marker_pubsub/marker_publisher.py -> /home/ubuntu2204/ros2_marker_ws/install/marker_pubsub/lib/python3.10/site-packages/marker_pubsub
copying /home/ubuntu2204/ros2_marker_ws/build/marker_pubsub/build/lib/marker_pubsub/tf_broadcaster.py -> /home/ubuntu2204/ros2_marker_ws/install/marker_pubsub/lib/python3.10/site-packages/marker_pubsub
byte-compiling /home/ubuntu2204/ros2_marker_ws/install/marker_pubsub/lib/python3.10/site-packages/marker_pubsub/marker_publisher.py to marker_publisher.cpython-310.pyc
byte-compiling /home/ubuntu2204/ros2_marker_ws/install/marker_pubsub/lib/python3.10/site-packages/marker_pubsub/tf_broadcaster.py to tf_broadcaster.cpython-310.pyc
running install_data
running install_egg_info
removing '/home/ubuntu2204/ros2_marker_ws/install/marker_pubsub/lib/python3.10/site-packages/marker_pubsub-0.0.0-py3.10.egg-info' (and everything under it)
Copying ../../build/marker_pubsub/marker_pubsub.egg-info to /home/ubuntu2204/ros2_marker_ws/install/marker_pubsub/lib/python3.10/site-packages/marker_pubsub-0.0.0-py3.10.egg-info
running install_scripts
Installing marker_publisher script to /home/ubuntu2204/ros2_marker_ws/install/marker_pubsub/lib/marker_pubsub
Installing tf_broadcaster script to /home/ubuntu2204/ros2_marker_ws/install/marker_pubsub/lib/marker_pubsub
writing list of installed files to '/home/ubuntu2204/ros2_marker_ws/build/marker_pubsub/install.log'
