running egg_info
creating ../../build/marker_pubsub/marker_pubsub.egg-info
writing ../../build/marker_pubsub/marker_pubsub.egg-info/PKG-INFO
writing dependency_links to ../../build/marker_pubsub/marker_pubsub.egg-info/dependency_links.txt
writing entry points to ../../build/marker_pubsub/marker_pubsub.egg-info/entry_points.txt
writing requirements to ../../build/marker_pubsub/marker_pubsub.egg-info/requires.txt
writing top-level names to ../../build/marker_pubsub/marker_pubsub.egg-info/top_level.txt
writing manifest file '../../build/marker_pubsub/marker_pubsub.egg-info/SOURCES.txt'
reading manifest file '../../build/marker_pubsub/marker_pubsub.egg-info/SOURCES.txt'
writing manifest file '../../build/marker_pubsub/marker_pubsub.egg-info/SOURCES.txt'
running build
running build_py
creating /home/ubuntu2204/ros2_marker_ws/build/marker_pubsub/build
creating /home/ubuntu2204/ros2_marker_ws/build/marker_pubsub/build/lib
creating /home/ubuntu2204/ros2_marker_ws/build/marker_pubsub/build/lib/marker_pubsub
copying marker_pubsub/__init__.py -> /home/ubuntu2204/ros2_marker_ws/build/marker_pubsub/build/lib/marker_pubsub
copying marker_pubsub/marker_publisher.py -> /home/ubuntu2204/ros2_marker_ws/build/marker_pubsub/build/lib/marker_pubsub
running install
running install_lib
creating /home/ubuntu2204/ros2_marker_ws/install/marker_pubsub/lib/python3.10/site-packages/marker_pubsub
copying /home/ubuntu2204/ros2_marker_ws/build/marker_pubsub/build/lib/marker_pubsub/__init__.py -> /home/ubuntu2204/ros2_marker_ws/install/marker_pubsub/lib/python3.10/site-packages/marker_pubsub
copying /home/ubuntu2204/ros2_marker_ws/build/marker_pubsub/build/lib/marker_pubsub/marker_publisher.py -> /home/ubuntu2204/ros2_marker_ws/install/marker_pubsub/lib/python3.10/site-packages/marker_pubsub
byte-compiling /home/ubuntu2204/ros2_marker_ws/install/marker_pubsub/lib/python3.10/site-packages/marker_pubsub/__init__.py to __init__.cpython-310.pyc
byte-compiling /home/ubuntu2204/ros2_marker_ws/install/marker_pubsub/lib/python3.10/site-packages/marker_pubsub/marker_publisher.py to marker_publisher.cpython-310.pyc
running install_data
creating /home/ubuntu2204/ros2_marker_ws/install/marker_pubsub/share/ament_index
creating /home/ubuntu2204/ros2_marker_ws/install/marker_pubsub/share/ament_index/resource_index
creating /home/ubuntu2204/ros2_marker_ws/install/marker_pubsub/share/ament_index/resource_index/packages
copying resource/marker_pubsub -> /home/ubuntu2204/ros2_marker_ws/install/marker_pubsub/share/ament_index/resource_index/packages
copying package.xml -> /home/ubuntu2204/ros2_marker_ws/install/marker_pubsub/share/marker_pubsub
running install_egg_info
Copying ../../build/marker_pubsub/marker_pubsub.egg-info to /home/ubuntu2204/ros2_marker_ws/install/marker_pubsub/lib/python3.10/site-packages/marker_pubsub-0.0.0-py3.10.egg-info
running install_scripts
writing list of installed files to '/home/ubuntu2204/ros2_marker_ws/build/marker_pubsub/install.log'
