/home/ubuntu2204/ros2_marker_ws/install/marker_pubsub/lib/python3.10/site-packages/marker_pubsub/__init__.py
/home/ubuntu2204/ros2_marker_ws/install/marker_pubsub/lib/python3.10/site-packages/marker_pubsub/marker_publisher.py
/home/ubuntu2204/ros2_marker_ws/install/marker_pubsub/lib/python3.10/site-packages/marker_pubsub/tf_broadcaster.py
/home/ubuntu2204/ros2_marker_ws/install/marker_pubsub/lib/python3.10/site-packages/marker_pubsub/service_marker_publisher.py
/home/ubuntu2204/ros2_marker_ws/install/marker_pubsub/lib/python3.10/site-packages/marker_pubsub/__pycache__/__init__.cpython-310.pyc
/home/ubuntu2204/ros2_marker_ws/install/marker_pubsub/lib/python3.10/site-packages/marker_pubsub/__pycache__/marker_publisher.cpython-310.pyc
/home/ubuntu2204/ros2_marker_ws/install/marker_pubsub/lib/python3.10/site-packages/marker_pubsub/__pycache__/tf_broadcaster.cpython-310.pyc
/home/ubuntu2204/ros2_marker_ws/install/marker_pubsub/lib/python3.10/site-packages/marker_pubsub/__pycache__/service_marker_publisher.cpython-310.pyc
/home/ubuntu2204/ros2_marker_ws/install/marker_pubsub/share/ament_index/resource_index/packages/marker_pubsub
/home/ubuntu2204/ros2_marker_ws/install/marker_pubsub/share/marker_pubsub/package.xml
/home/ubuntu2204/ros2_marker_ws/install/marker_pubsub/lib/python3.10/site-packages/marker_pubsub-0.0.0-py3.10.egg-info/SOURCES.txt
/home/ubuntu2204/ros2_marker_ws/install/marker_pubsub/lib/python3.10/site-packages/marker_pubsub-0.0.0-py3.10.egg-info/PKG-INFO
/home/ubuntu2204/ros2_marker_ws/install/marker_pubsub/lib/python3.10/site-packages/marker_pubsub-0.0.0-py3.10.egg-info/dependency_links.txt
/home/ubuntu2204/ros2_marker_ws/install/marker_pubsub/lib/python3.10/site-packages/marker_pubsub-0.0.0-py3.10.egg-info/entry_points.txt
/home/ubuntu2204/ros2_marker_ws/install/marker_pubsub/lib/python3.10/site-packages/marker_pubsub-0.0.0-py3.10.egg-info/top_level.txt
/home/ubuntu2204/ros2_marker_ws/install/marker_pubsub/lib/python3.10/site-packages/marker_pubsub-0.0.0-py3.10.egg-info/zip-safe
/home/ubuntu2204/ros2_marker_ws/install/marker_pubsub/lib/python3.10/site-packages/marker_pubsub-0.0.0-py3.10.egg-info/requires.txt
/home/ubuntu2204/ros2_marker_ws/install/marker_pubsub/lib/marker_pubsub/marker_publisher
/home/ubuntu2204/ros2_marker_ws/install/marker_pubsub/lib/marker_pubsub/service_marker_publisher
/home/ubuntu2204/ros2_marker_ws/install/marker_pubsub/lib/marker_pubsub/tf_broadcaster
